{"level":"INFO","ts":"2026-06-14T15:25:47.722Z","requestId":null,"component":"PrincipalPage","message":"data_loaded","canteiro":"canteiro-a"}
{"level":"INFO","ts":"2026-06-14T15:25:47.739Z","requestId":null,"component":"PrincipalPage","message":"data_loaded","canteiro":"canteiro-a"}
{"level":"INFO","ts":"2026-06-14T15:25:47.805Z","requestId":null,"component":"PrincipalPage","message":"data_loaded","canteiro":"canteiro-a"}
{"level":"INFO","ts":"2026-06-14T15:25:47.850Z","requestId":null,"component":"PrincipalPage","message":"data_loaded","canteiro":"canteiro-a"}
{"level":"INFO","ts":"2026-06-14T15:25:47.886Z","requestId":null,"component":"PrincipalPage","message":"data_loaded","canteiro":"canteiro-a"}
{"level":"INFO","ts":"2026-06-14T15:25:47.935Z","requestId":null,"component":"PrincipalPage","message":"data_loaded","canteiro":"canteiro-a"}
{"level":"ERROR","ts":"2026-06-14T15:25:47.985Z","requestId":null,"component":"PrincipalPage","message":"API indisponível"}
{"level":"INFO","ts":"2026-06-14T15:25:48.005Z","requestId":null,"component":"PrincipalPage","message":"data_loaded","canteiro":"canteiro-a"}
{"level":"INFO","ts":"2026-06-14T15:25:48.123Z","requestId":null,"component":"PrincipalPage","message":"data_loaded","canteiro":"canteiro-a"}
{"level":"INFO","ts":"2026-06-14T15:25:48.984Z","requestId":null,"component":"App","message":"app_started"}
{"level":"INFO","ts":"2026-06-14T15:25:48.994Z","requestId":null,"component":"useCanteiros","message":"loaded","count":0}
{"level":"INFO","ts":"2026-06-14T15:25:48.995Z","requestId":null,"component":"PrincipalPage","message":"data_loaded","canteiro":"canteiro-a"}
{"level":"INFO","ts":"2026-06-14T15:25:49.276Z","requestId":null,"component":"useCanteiros","message":"loaded","count":0}
{"level":"INFO","ts":"2026-06-14T15:25:49.276Z","requestId":null,"component":"metrics","message":"alerts_displayed","count":2,"total":2}
{"level":"INFO","ts":"2026-06-14T15:25:49.277Z","requestId":null,"component":"AlertasPage","message":"loaded","total":2,"page":0}
{"level":"INFO","ts":"2026-06-14T15:25:49.369Z","requestId":null,"component":"useCanteiros","message":"loaded","count":0}
{"level":"INFO","ts":"2026-06-14T15:25:49.370Z","requestId":null,"component":"HistoricoPage","message":"charts_loaded","points":5,"days":1}
{"level":"INFO","ts":"2026-06-14T15:25:49.645Z","requestId":null,"component":"canteirosService","message":"fetch_canteiros"}
{"level":"INFO","ts":"2026-06-14T15:25:49.651Z","requestId":null,"component":"useCanteiros","message":"loaded","count":3}
{"level":"INFO","ts":"2026-06-14T15:25:49.656Z","requestId":null,"component":"HistoricoPage","message":"charts_loaded","points":1,"days":1}
{"level":"INFO","ts":"2026-06-14T15:25:49.668Z","requestId":null,"component":"canteirosService","message":"fetch_canteiros"}
{"level":"INFO","ts":"2026-06-14T15:25:49.672Z","requestId":null,"component":"useCanteiros","message":"loaded","count":3}
{"level":"INFO","ts":"2026-06-14T15:25:49.673Z","requestId":null,"component":"HistoricoPage","message":"charts_loaded","points":10,"days":1}
{"level":"INFO","ts":"2026-06-14T15:25:49.735Z","requestId":null,"component":"canteirosService","message":"fetch_canteiros"}
{"level":"INFO","ts":"2026-06-14T15:25:49.742Z","requestId":null,"component":"useCanteiros","message":"loaded","count":3}
{"level":"INFO","ts":"2026-06-14T15:25:49.742Z","requestId":null,"component":"HistoricoPage","message":"charts_loaded","points":5,"days":1}
{"level":"INFO","ts":"2026-06-14T15:25:49.839Z","requestId":null,"component":"canteirosService","message":"fetch_canteiros"}
{"level":"INFO","ts":"2026-06-14T15:25:49.847Z","requestId":null,"component":"useCanteiros","message":"loaded","count":3}
{"level":"INFO","ts":"2026-06-14T15:25:49.848Z","requestId":null,"component":"HistoricoPage","message":"charts_loaded","points":5,"days":1}
{"level":"INFO","ts":"2026-06-14T15:25:49.895Z","requestId":null,"component":"canteirosService","message":"fetch_canteiros"}
